{"level":"error","message":"unhandledRejection: Reached the max retries per request limit (which is 3). Refer to \"maxRetriesPerRequest\" option for details.\nMaxRetriesPerRequestError: Reached the max retries per request limit (which is 3). Refer to \"maxRetriesPerRequest\" option for details.\n    at Socket.<anonymous> (D:\\insightserenity-platform\\node_modules\\ioredis\\built\\redis\\event_handler.js:182:37)\n    at Object.onceWrapper (node:events:633:26)\n    at Socket.emit (node:events:518:28)\n    at TCP.<anonymous> (node:net:351:12)","metadata":{"date":"Tue Aug 12 2025 04:40:24 GMT-0500 (Central Daylight Time)","error":{},"os":{"loadavg":[0,0,0],"uptime":1690897.734},"process":{"argv":["C:\\Program Files\\nodejs\\node.exe","D:\\insightserenity-platform\\servers\\gateway\\server.js"],"cwd":"D:\\insightserenity-platform\\servers\\gateway","execPath":"C:\\Program Files\\nodejs\\node.exe","gid":null,"memoryUsage":{"arrayBuffers":112106,"external":3736342,"heapTotal":101031936,"heapUsed":54610224,"rss":142721024},"pid":51208,"uid":null,"version":"v22.16.0"},"rejection":true,"stack":"MaxRetriesPerRequestError: Reached the max retries per request limit (which is 3). Refer to \"maxRetriesPerRequest\" option for details.\n    at Socket.<anonymous> (D:\\insightserenity-platform\\node_modules\\ioredis\\built\\redis\\event_handler.js:182:37)\n    at Object.onceWrapper (node:events:633:26)\n    at Socket.emit (node:events:518:28)\n    at TCP.<anonymous> (node:net:351:12)","trace":[{"column":37,"file":"D:\\insightserenity-platform\\node_modules\\ioredis\\built\\redis\\event_handler.js","function":null,"line":182,"method":null,"native":false},{"column":26,"file":"node:events","function":"Object.onceWrapper","line":633,"method":"onceWrapper","native":false},{"column":28,"file":"node:events","function":"Socket.emit","line":518,"method":"emit","native":false},{"column":12,"file":"node:net","function":null,"line":351,"method":null,"native":false}]},"timestamp":"2025-08-12 04:40:24.219"}
{"level":"error","message":"unhandledRejection: Reached the max retries per request limit (which is 3). Refer to \"maxRetriesPerRequest\" option for details.\nMaxRetriesPerRequestError: Reached the max retries per request limit (which is 3). Refer to \"maxRetriesPerRequest\" option for details.\n    at Socket.<anonymous> (D:\\insightserenity-platform\\node_modules\\ioredis\\built\\redis\\event_handler.js:182:37)\n    at Object.onceWrapper (node:events:633:26)\n    at Socket.emit (node:events:518:28)\n    at TCP.<anonymous> (node:net:351:12)","metadata":{"date":"Tue Aug 12 2025 04:40:24 GMT-0500 (Central Daylight Time)","error":{},"os":{"loadavg":[0,0,0],"uptime":1690897.75},"process":{"argv":["C:\\Program Files\\nodejs\\node.exe","D:\\insightserenity-platform\\servers\\gateway\\server.js"],"cwd":"D:\\insightserenity-platform\\servers\\gateway","execPath":"C:\\Program Files\\nodejs\\node.exe","gid":null,"memoryUsage":{"arrayBuffers":120298,"external":3744534,"heapTotal":101294080,"heapUsed":54894344,"rss":142888960},"pid":51208,"uid":null,"version":"v22.16.0"},"rejection":true,"stack":"MaxRetriesPerRequestError: Reached the max retries per request limit (which is 3). Refer to \"maxRetriesPerRequest\" option for details.\n    at Socket.<anonymous> (D:\\insightserenity-platform\\node_modules\\ioredis\\built\\redis\\event_handler.js:182:37)\n    at Object.onceWrapper (node:events:633:26)\n    at Socket.emit (node:events:518:28)\n    at TCP.<anonymous> (node:net:351:12)","trace":[{"column":37,"file":"D:\\insightserenity-platform\\node_modules\\ioredis\\built\\redis\\event_handler.js","function":null,"line":182,"method":null,"native":false},{"column":26,"file":"node:events","function":"Object.onceWrapper","line":633,"method":"onceWrapper","native":false},{"column":28,"file":"node:events","function":"Socket.emit","line":518,"method":"emit","native":false},{"column":12,"file":"node:net","function":null,"line":351,"method":null,"native":false}]},"timestamp":"2025-08-12T09:40:24.231Z"}
{"level":"critical","message":"Unhandled rejection","metadata":{"hostname":"E-Olawalee","metadata":{"promise":"[object Promise]","reason":{}},"pid":51208,"service":"api-gateway"},"timestamp":"2025-08-12 04:40:24.227"}
{"level":"critical","message":"Unhandled rejection","metadata":{"hostname":"E-Olawalee","metadata":{"promise":"[object Promise]","reason":{}},"pid":51208,"service":"api-gateway"},"timestamp":"2025-08-12T09:40:24.231Z"}
{"level":"error","message":"Error during graceful shutdown","metadata":{"hostname":"E-Olawalee","pid":51208,"service":"api-gateway"},"timestamp":"2025-08-12T09:40:24.993Z"}
{"level":"error","message":"Health check failed for service admin-server:","metadata":{"hostname":"E-Olawalee","pid":52992,"service":"api-gateway"},"timestamp":"2025-08-12T09:56:03.277Z"}
{"level":"error","message":"Health check failed for service customer-services:","metadata":{"hostname":"E-Olawalee","pid":52992,"service":"api-gateway"},"timestamp":"2025-08-12T09:56:03.277Z"}
{"level":"error","message":"Health check failed for service admin-server:","metadata":{"hostname":"E-Olawalee","pid":52992,"service":"api-gateway"},"timestamp":"2025-08-12T09:56:33.284Z"}
{"level":"error","message":"Health check failed for service customer-services:","metadata":{"hostname":"E-Olawalee","pid":52992,"service":"api-gateway"},"timestamp":"2025-08-12T09:56:33.286Z"}
{"level":"error","message":"Health check failed for service admin-server:","metadata":{"hostname":"E-Olawalee","pid":52992,"service":"api-gateway"},"timestamp":"2025-08-12T09:57:03.285Z"}
{"level":"error","message":"Health check failed for service customer-services:","metadata":{"hostname":"E-Olawalee","pid":52992,"service":"api-gateway"},"timestamp":"2025-08-12T09:57:03.286Z"}
{"level":"error","message":"Health check failed for service admin-server:","metadata":{"hostname":"E-Olawalee","pid":52992,"service":"api-gateway"},"timestamp":"2025-08-12T09:57:33.296Z"}
{"level":"error","message":"Health check failed for service customer-services:","metadata":{"hostname":"E-Olawalee","pid":52992,"service":"api-gateway"},"timestamp":"2025-08-12T09:57:33.297Z"}
{"level":"error","message":"Health check failed for service admin-server:","metadata":{"hostname":"E-Olawalee","pid":52992,"service":"api-gateway"},"timestamp":"2025-08-12T09:58:03.311Z"}
{"level":"error","message":"Health check failed for service customer-services:","metadata":{"hostname":"E-Olawalee","pid":52992,"service":"api-gateway"},"timestamp":"2025-08-12T09:58:03.313Z"}
{"level":"error","message":"Health check failed for service admin-server:","metadata":{"hostname":"E-Olawalee","pid":52992,"service":"api-gateway"},"timestamp":"2025-08-12T09:58:33.321Z"}
{"level":"error","message":"Health check failed for service customer-services:","metadata":{"hostname":"E-Olawalee","pid":52992,"service":"api-gateway"},"timestamp":"2025-08-12T09:58:33.322Z"}
{"level":"error","message":"Health check failed for service admin-server:","metadata":{"hostname":"E-Olawalee","pid":52992,"service":"api-gateway"},"timestamp":"2025-08-12T09:59:03.334Z"}
{"level":"error","message":"Health check failed for service customer-services:","metadata":{"hostname":"E-Olawalee","pid":52992,"service":"api-gateway"},"timestamp":"2025-08-12T09:59:03.336Z"}
{"level":"error","message":"Health check failed for service admin-server:","metadata":{"hostname":"E-Olawalee","pid":52992,"service":"api-gateway"},"timestamp":"2025-08-12T09:59:33.338Z"}
{"level":"error","message":"Health check failed for service customer-services:","metadata":{"hostname":"E-Olawalee","pid":52992,"service":"api-gateway"},"timestamp":"2025-08-12T09:59:33.339Z"}
{"level":"error","message":"Health check failed for service admin-server:","metadata":{"hostname":"E-Olawalee","pid":52992,"service":"api-gateway"},"timestamp":"2025-08-12T10:00:03.346Z"}
{"level":"error","message":"Health check failed for service customer-services:","metadata":{"hostname":"E-Olawalee","pid":52992,"service":"api-gateway"},"timestamp":"2025-08-12T10:00:03.348Z"}
{"level":"error","message":"Health check failed for service admin-server:","metadata":{"hostname":"E-Olawalee","pid":52992,"service":"api-gateway"},"timestamp":"2025-08-12T10:00:33.359Z"}
{"level":"error","message":"Health check failed for service customer-services:","metadata":{"hostname":"E-Olawalee","pid":52992,"service":"api-gateway"},"timestamp":"2025-08-12T10:00:33.360Z"}
{"level":"error","message":"Health check failed for service admin-server:","metadata":{"hostname":"E-Olawalee","pid":52992,"service":"api-gateway"},"timestamp":"2025-08-12T10:01:03.362Z"}
{"level":"error","message":"Health check failed for service customer-services:","metadata":{"hostname":"E-Olawalee","pid":52992,"service":"api-gateway"},"timestamp":"2025-08-12T10:01:03.363Z"}
{"level":"error","message":"Health check failed for service admin-server:","metadata":{"hostname":"E-Olawalee","pid":52992,"service":"api-gateway"},"timestamp":"2025-08-12T10:01:33.364Z"}
{"level":"error","message":"Health check failed for service customer-services:","metadata":{"hostname":"E-Olawalee","pid":52992,"service":"api-gateway"},"timestamp":"2025-08-12T10:01:33.365Z"}
{"level":"error","message":"Health check failed for service admin-server:","metadata":{"hostname":"E-Olawalee","pid":52992,"service":"api-gateway"},"timestamp":"2025-08-12T10:02:03.375Z"}
{"level":"error","message":"Health check failed for service customer-services:","metadata":{"hostname":"E-Olawalee","pid":52992,"service":"api-gateway"},"timestamp":"2025-08-12T10:02:03.376Z"}
{"level":"error","message":"Health check failed for service admin-server:","metadata":{"hostname":"E-Olawalee","pid":52992,"service":"api-gateway"},"timestamp":"2025-08-12T10:02:33.389Z"}
{"level":"error","message":"Health check failed for service customer-services:","metadata":{"hostname":"E-Olawalee","pid":52992,"service":"api-gateway"},"timestamp":"2025-08-12T10:02:33.390Z"}
{"level":"error","message":"Health check failed for service admin-server:","metadata":{"hostname":"E-Olawalee","pid":52992,"service":"api-gateway"},"timestamp":"2025-08-12T10:03:03.396Z"}
{"level":"error","message":"Health check failed for service customer-services:","metadata":{"hostname":"E-Olawalee","pid":52992,"service":"api-gateway"},"timestamp":"2025-08-12T10:03:03.397Z"}
{"level":"error","message":"Health check failed for service admin-server:","metadata":{"hostname":"E-Olawalee","pid":52992,"service":"api-gateway"},"timestamp":"2025-08-12T10:03:33.411Z"}
{"level":"error","message":"Health check failed for service customer-services:","metadata":{"hostname":"E-Olawalee","pid":52992,"service":"api-gateway"},"timestamp":"2025-08-12T10:03:33.412Z"}
{"level":"error","message":"Health check failed for service admin-server:","metadata":{"hostname":"E-Olawalee","pid":52992,"service":"api-gateway"},"timestamp":"2025-08-12T10:04:03.419Z"}
{"level":"error","message":"Health check failed for service customer-services:","metadata":{"hostname":"E-Olawalee","pid":52992,"service":"api-gateway"},"timestamp":"2025-08-12T10:04:03.420Z"}
{"level":"error","message":"Health check failed for service admin-server:","metadata":{"hostname":"E-Olawalee","pid":52992,"service":"api-gateway"},"timestamp":"2025-08-12T10:04:33.420Z"}
{"level":"error","message":"Health check failed for service customer-services:","metadata":{"hostname":"E-Olawalee","pid":52992,"service":"api-gateway"},"timestamp":"2025-08-12T10:04:33.421Z"}
{"level":"error","message":"Health check failed for service admin-server:","metadata":{"hostname":"E-Olawalee","pid":52992,"service":"api-gateway"},"timestamp":"2025-08-12T10:05:03.428Z"}
{"level":"error","message":"Health check failed for service customer-services:","metadata":{"hostname":"E-Olawalee","pid":52992,"service":"api-gateway"},"timestamp":"2025-08-12T10:05:03.430Z"}
{"level":"error","message":"Health check failed for service admin-server:","metadata":{"hostname":"E-Olawalee","pid":52992,"service":"api-gateway"},"timestamp":"2025-08-12T10:05:33.433Z"}
{"level":"error","message":"Health check failed for service customer-services:","metadata":{"hostname":"E-Olawalee","pid":52992,"service":"api-gateway"},"timestamp":"2025-08-12T10:05:33.434Z"}
{"level":"error","message":"Health check failed for service admin-server:","metadata":{"hostname":"E-Olawalee","pid":52992,"service":"api-gateway"},"timestamp":"2025-08-12T10:06:03.439Z"}
{"level":"error","message":"Health check failed for service customer-services:","metadata":{"hostname":"E-Olawalee","pid":52992,"service":"api-gateway"},"timestamp":"2025-08-12T10:06:03.440Z"}
{"level":"error","message":"Health check failed for service admin-server:","metadata":{"hostname":"E-Olawalee","pid":52992,"service":"api-gateway"},"timestamp":"2025-08-12T10:06:33.444Z"}
{"level":"error","message":"Health check failed for service customer-services:","metadata":{"hostname":"E-Olawalee","pid":52992,"service":"api-gateway"},"timestamp":"2025-08-12T10:06:33.445Z"}
{"level":"error","message":"Health check failed for service admin-server:","metadata":{"hostname":"E-Olawalee","pid":52992,"service":"api-gateway"},"timestamp":"2025-08-12T10:07:03.446Z"}
{"level":"error","message":"Health check failed for service customer-services:","metadata":{"hostname":"E-Olawalee","pid":52992,"service":"api-gateway"},"timestamp":"2025-08-12T10:07:03.447Z"}
{"level":"error","message":"Health check failed for service admin-server:","metadata":{"hostname":"E-Olawalee","pid":52992,"service":"api-gateway"},"timestamp":"2025-08-12T10:07:33.458Z"}
{"level":"error","message":"Health check failed for service customer-services:","metadata":{"hostname":"E-Olawalee","pid":52992,"service":"api-gateway"},"timestamp":"2025-08-12T10:07:33.459Z"}
{"level":"error","message":"Health check failed for service admin-server:","metadata":{"hostname":"E-Olawalee","pid":52992,"service":"api-gateway"},"timestamp":"2025-08-12T10:08:03.461Z"}
{"level":"error","message":"Health check failed for service customer-services:","metadata":{"hostname":"E-Olawalee","pid":52992,"service":"api-gateway"},"timestamp":"2025-08-12T10:08:03.462Z"}
{"level":"error","message":"Health check failed for service admin-server:","metadata":{"hostname":"E-Olawalee","pid":52992,"service":"api-gateway"},"timestamp":"2025-08-12T10:08:33.474Z"}
{"level":"error","message":"Health check failed for service customer-services:","metadata":{"hostname":"E-Olawalee","pid":52992,"service":"api-gateway"},"timestamp":"2025-08-12T10:08:33.475Z"}
{"level":"error","message":"Health check failed for service admin-server:","metadata":{"hostname":"E-Olawalee","pid":52992,"service":"api-gateway"},"timestamp":"2025-08-12T10:09:03.478Z"}
{"level":"error","message":"Health check failed for service customer-services:","metadata":{"hostname":"E-Olawalee","pid":52992,"service":"api-gateway"},"timestamp":"2025-08-12T10:09:03.479Z"}
{"level":"error","message":"Health check failed for service admin-server:","metadata":{"hostname":"E-Olawalee","pid":52992,"service":"api-gateway"},"timestamp":"2025-08-12T10:09:33.482Z"}
{"level":"error","message":"Health check failed for service customer-services:","metadata":{"hostname":"E-Olawalee","pid":52992,"service":"api-gateway"},"timestamp":"2025-08-12T10:09:33.483Z"}
{"level":"error","message":"Health check failed for service admin-server:","metadata":{"hostname":"E-Olawalee","pid":52992,"service":"api-gateway"},"timestamp":"2025-08-12T10:10:03.485Z"}
{"level":"error","message":"Health check failed for service customer-services:","metadata":{"hostname":"E-Olawalee","pid":52992,"service":"api-gateway"},"timestamp":"2025-08-12T10:10:03.486Z"}
{"level":"error","message":"Health check failed for service admin-server:","metadata":{"hostname":"E-Olawalee","pid":52992,"service":"api-gateway"},"timestamp":"2025-08-12T10:10:33.488Z"}
{"level":"error","message":"Health check failed for service customer-services:","metadata":{"hostname":"E-Olawalee","pid":52992,"service":"api-gateway"},"timestamp":"2025-08-12T10:10:33.488Z"}
{"level":"error","message":"Health check failed for service admin-server:","metadata":{"hostname":"E-Olawalee","pid":52992,"service":"api-gateway"},"timestamp":"2025-08-12T10:11:03.500Z"}
{"level":"error","message":"Health check failed for service customer-services:","metadata":{"hostname":"E-Olawalee","pid":52992,"service":"api-gateway"},"timestamp":"2025-08-12T10:11:03.501Z"}
{"level":"error","message":"Health check failed for service admin-server:","metadata":{"hostname":"E-Olawalee","pid":52992,"service":"api-gateway"},"timestamp":"2025-08-12T10:11:33.507Z"}
{"level":"error","message":"Health check failed for service customer-services:","metadata":{"hostname":"E-Olawalee","pid":52992,"service":"api-gateway"},"timestamp":"2025-08-12T10:11:33.508Z"}
{"level":"error","message":"Health check failed for service admin-server:","metadata":{"hostname":"E-Olawalee","pid":52992,"service":"api-gateway"},"timestamp":"2025-08-12T10:12:03.523Z"}
{"level":"error","message":"Health check failed for service customer-services:","metadata":{"hostname":"E-Olawalee","pid":52992,"service":"api-gateway"},"timestamp":"2025-08-12T10:12:03.524Z"}
{"level":"error","message":"Health check failed for service admin-server:","metadata":{"hostname":"E-Olawalee","pid":52992,"service":"api-gateway"},"timestamp":"2025-08-12T10:12:33.523Z"}
{"level":"error","message":"Health check failed for service customer-services:","metadata":{"hostname":"E-Olawalee","pid":52992,"service":"api-gateway"},"timestamp":"2025-08-12T10:12:33.523Z"}
{"level":"error","message":"Health check failed for service admin-server:","metadata":{"hostname":"E-Olawalee","pid":52992,"service":"api-gateway"},"timestamp":"2025-08-12T10:13:03.536Z"}
{"level":"error","message":"Health check failed for service customer-services:","metadata":{"hostname":"E-Olawalee","pid":52992,"service":"api-gateway"},"timestamp":"2025-08-12T10:13:03.537Z"}
{"level":"error","message":"Health check failed for service admin-server:","metadata":{"hostname":"E-Olawalee","pid":52992,"service":"api-gateway"},"timestamp":"2025-08-12T10:13:33.537Z"}
{"level":"error","message":"Health check failed for service customer-services:","metadata":{"hostname":"E-Olawalee","pid":52992,"service":"api-gateway"},"timestamp":"2025-08-12T10:13:33.538Z"}
{"level":"error","message":"Health check failed for service admin-server:","metadata":{"hostname":"E-Olawalee","pid":52992,"service":"api-gateway"},"timestamp":"2025-08-12T10:14:03.547Z"}
{"level":"error","message":"Health check failed for service customer-services:","metadata":{"hostname":"E-Olawalee","pid":52992,"service":"api-gateway"},"timestamp":"2025-08-12T10:14:03.548Z"}
{"level":"error","message":"Health check failed for service admin-server:","metadata":{"hostname":"E-Olawalee","pid":52992,"service":"api-gateway"},"timestamp":"2025-08-12T10:14:33.559Z"}
{"level":"error","message":"Health check failed for service customer-services:","metadata":{"hostname":"E-Olawalee","pid":52992,"service":"api-gateway"},"timestamp":"2025-08-12T10:14:33.560Z"}
{"level":"error","message":"Health check failed for service admin-server:","metadata":{"hostname":"E-Olawalee","pid":52992,"service":"api-gateway"},"timestamp":"2025-08-12T10:15:03.566Z"}
{"level":"error","message":"Health check failed for service customer-services:","metadata":{"hostname":"E-Olawalee","pid":52992,"service":"api-gateway"},"timestamp":"2025-08-12T10:15:03.568Z"}
{"level":"error","message":"Health check failed for service admin-server:","metadata":{"hostname":"E-Olawalee","pid":52992,"service":"api-gateway"},"timestamp":"2025-08-12T10:15:33.576Z"}
{"level":"error","message":"Health check failed for service customer-services:","metadata":{"hostname":"E-Olawalee","pid":52992,"service":"api-gateway"},"timestamp":"2025-08-12T10:15:33.577Z"}
{"level":"error","message":"Health check failed for service admin-server:","metadata":{"hostname":"E-Olawalee","pid":52992,"service":"api-gateway"},"timestamp":"2025-08-12T10:16:03.588Z"}
{"level":"error","message":"Health check failed for service customer-services:","metadata":{"hostname":"E-Olawalee","pid":52992,"service":"api-gateway"},"timestamp":"2025-08-12T10:16:03.588Z"}
{"level":"error","message":"Health check failed for service admin-server:","metadata":{"hostname":"E-Olawalee","pid":52992,"service":"api-gateway"},"timestamp":"2025-08-12T10:16:33.596Z"}
{"level":"error","message":"Health check failed for service customer-services:","metadata":{"hostname":"E-Olawalee","pid":52992,"service":"api-gateway"},"timestamp":"2025-08-12T10:16:33.597Z"}
{"level":"error","message":"Health check failed for service admin-server:","metadata":{"hostname":"E-Olawalee","pid":52992,"service":"api-gateway"},"timestamp":"2025-08-12T10:17:03.599Z"}
{"level":"error","message":"Health check failed for service customer-services:","metadata":{"hostname":"E-Olawalee","pid":52992,"service":"api-gateway"},"timestamp":"2025-08-12T10:17:03.600Z"}
{"level":"error","message":"Health check failed for service admin-server:","metadata":{"hostname":"E-Olawalee","pid":52992,"service":"api-gateway"},"timestamp":"2025-08-12T10:17:33.605Z"}
{"level":"error","message":"Health check failed for service customer-services:","metadata":{"hostname":"E-Olawalee","pid":52992,"service":"api-gateway"},"timestamp":"2025-08-12T10:17:33.606Z"}
{"level":"error","message":"Health check failed for service admin-server:","metadata":{"hostname":"E-Olawalee","pid":52992,"service":"api-gateway"},"timestamp":"2025-08-12T10:18:03.604Z"}
{"level":"error","message":"Health check failed for service customer-services:","metadata":{"hostname":"E-Olawalee","pid":52992,"service":"api-gateway"},"timestamp":"2025-08-12T10:18:03.605Z"}
{"level":"error","message":"Health check failed for service admin-server:","metadata":{"hostname":"E-Olawalee","pid":52992,"service":"api-gateway"},"timestamp":"2025-08-12T10:18:33.611Z"}
{"level":"error","message":"Health check failed for service customer-services:","metadata":{"hostname":"E-Olawalee","pid":52992,"service":"api-gateway"},"timestamp":"2025-08-12T10:18:33.611Z"}
{"level":"error","message":"Health check failed for service admin-server:","metadata":{"hostname":"E-Olawalee","pid":52992,"service":"api-gateway"},"timestamp":"2025-08-12T10:19:03.618Z"}
{"level":"error","message":"Health check failed for service customer-services:","metadata":{"hostname":"E-Olawalee","pid":52992,"service":"api-gateway"},"timestamp":"2025-08-12T10:19:03.619Z"}
{"level":"error","message":"Health check failed for service admin-server:","metadata":{"hostname":"E-Olawalee","pid":52992,"service":"api-gateway"},"timestamp":"2025-08-12T10:19:33.628Z"}
{"level":"error","message":"Health check failed for service customer-services:","metadata":{"hostname":"E-Olawalee","pid":52992,"service":"api-gateway"},"timestamp":"2025-08-12T10:19:33.630Z"}
{"level":"error","message":"Health check failed for service admin-server:","metadata":{"hostname":"E-Olawalee","pid":52992,"service":"api-gateway"},"timestamp":"2025-08-12T10:20:03.638Z"}
{"level":"error","message":"Health check failed for service customer-services:","metadata":{"hostname":"E-Olawalee","pid":52992,"service":"api-gateway"},"timestamp":"2025-08-12T10:20:03.638Z"}
{"level":"error","message":"Health check failed for service admin-server:","metadata":{"hostname":"E-Olawalee","pid":52992,"service":"api-gateway"},"timestamp":"2025-08-12T10:20:33.642Z"}
{"level":"error","message":"Health check failed for service customer-services:","metadata":{"hostname":"E-Olawalee","pid":52992,"service":"api-gateway"},"timestamp":"2025-08-12T10:20:33.642Z"}
{"level":"error","message":"Health check failed for service admin-server:","metadata":{"hostname":"E-Olawalee","pid":52992,"service":"api-gateway"},"timestamp":"2025-08-12T10:21:03.649Z"}
{"level":"error","message":"Health check failed for service customer-services:","metadata":{"hostname":"E-Olawalee","pid":52992,"service":"api-gateway"},"timestamp":"2025-08-12T10:21:03.650Z"}
{"level":"error","message":"Health check failed for service admin-server:","metadata":{"hostname":"E-Olawalee","pid":52992,"service":"api-gateway"},"timestamp":"2025-08-12T10:21:33.658Z"}
{"level":"error","message":"Health check failed for service customer-services:","metadata":{"hostname":"E-Olawalee","pid":52992,"service":"api-gateway"},"timestamp":"2025-08-12T10:21:33.659Z"}
{"level":"error","message":"Health check failed for service admin-server:","metadata":{"hostname":"E-Olawalee","pid":52992,"service":"api-gateway"},"timestamp":"2025-08-12T10:22:03.670Z"}
{"level":"error","message":"Health check failed for service customer-services:","metadata":{"hostname":"E-Olawalee","pid":52992,"service":"api-gateway"},"timestamp":"2025-08-12T10:22:03.671Z"}
{"level":"error","message":"Health check failed for service admin-server:","metadata":{"hostname":"E-Olawalee","pid":52992,"service":"api-gateway"},"timestamp":"2025-08-12T10:22:33.681Z"}
{"level":"error","message":"Health check failed for service customer-services:","metadata":{"hostname":"E-Olawalee","pid":52992,"service":"api-gateway"},"timestamp":"2025-08-12T10:22:33.682Z"}
{"level":"error","message":"Health check failed for service admin-server:","metadata":{"hostname":"E-Olawalee","pid":52992,"service":"api-gateway"},"timestamp":"2025-08-12T10:23:03.692Z"}
{"level":"error","message":"Health check failed for service customer-services:","metadata":{"hostname":"E-Olawalee","pid":52992,"service":"api-gateway"},"timestamp":"2025-08-12T10:23:03.693Z"}
{"level":"error","message":"Health check failed for service admin-server:","metadata":{"hostname":"E-Olawalee","pid":52992,"service":"api-gateway"},"timestamp":"2025-08-12T10:23:33.700Z"}
{"level":"error","message":"Health check failed for service customer-services:","metadata":{"hostname":"E-Olawalee","pid":52992,"service":"api-gateway"},"timestamp":"2025-08-12T10:23:33.700Z"}
{"level":"error","message":"Health check failed for service admin-server:","metadata":{"hostname":"E-Olawalee","pid":52992,"service":"api-gateway"},"timestamp":"2025-08-12T10:24:03.709Z"}
{"level":"error","message":"Health check failed for service customer-services:","metadata":{"hostname":"E-Olawalee","pid":52992,"service":"api-gateway"},"timestamp":"2025-08-12T10:24:03.709Z"}
{"level":"error","message":"Health check failed for service admin-server:","metadata":{"hostname":"E-Olawalee","pid":52992,"service":"api-gateway"},"timestamp":"2025-08-12T10:24:33.722Z"}
{"level":"error","message":"Health check failed for service customer-services:","metadata":{"hostname":"E-Olawalee","pid":52992,"service":"api-gateway"},"timestamp":"2025-08-12T10:24:33.723Z"}
{"level":"error","message":"Health check failed for service admin-server:","metadata":{"hostname":"E-Olawalee","pid":52992,"service":"api-gateway"},"timestamp":"2025-08-12T10:25:03.728Z"}
{"level":"error","message":"Health check failed for service customer-services:","metadata":{"hostname":"E-Olawalee","pid":52992,"service":"api-gateway"},"timestamp":"2025-08-12T10:25:03.729Z"}
{"level":"error","message":"Health check failed for service admin-server:","metadata":{"hostname":"E-Olawalee","pid":52992,"service":"api-gateway"},"timestamp":"2025-08-12T10:25:33.731Z"}
{"level":"error","message":"Health check failed for service customer-services:","metadata":{"hostname":"E-Olawalee","pid":52992,"service":"api-gateway"},"timestamp":"2025-08-12T10:25:33.731Z"}
{"level":"error","message":"Health check failed for service admin-server:","metadata":{"hostname":"E-Olawalee","pid":52992,"service":"api-gateway"},"timestamp":"2025-08-12T10:26:03.739Z"}
{"level":"error","message":"Health check failed for service customer-services:","metadata":{"hostname":"E-Olawalee","pid":52992,"service":"api-gateway"},"timestamp":"2025-08-12T10:26:03.739Z"}
{"level":"error","message":"Health check failed for service admin-server:","metadata":{"hostname":"E-Olawalee","pid":52992,"service":"api-gateway"},"timestamp":"2025-08-12T10:26:33.740Z"}
{"level":"error","message":"Health check failed for service customer-services:","metadata":{"hostname":"E-Olawalee","pid":52992,"service":"api-gateway"},"timestamp":"2025-08-12T10:26:33.741Z"}
{"level":"error","message":"Health check failed for service admin-server:","metadata":{"hostname":"E-Olawalee","pid":52992,"service":"api-gateway"},"timestamp":"2025-08-12T10:27:03.743Z"}
{"level":"error","message":"Health check failed for service customer-services:","metadata":{"hostname":"E-Olawalee","pid":52992,"service":"api-gateway"},"timestamp":"2025-08-12T10:27:03.743Z"}
{"level":"error","message":"Health check failed for service admin-server:","metadata":{"hostname":"E-Olawalee","pid":52992,"service":"api-gateway"},"timestamp":"2025-08-12T10:27:33.746Z"}
{"level":"error","message":"Health check failed for service customer-services:","metadata":{"hostname":"E-Olawalee","pid":52992,"service":"api-gateway"},"timestamp":"2025-08-12T10:27:33.747Z"}
{"level":"error","message":"Health check failed for service admin-server:","metadata":{"hostname":"E-Olawalee","pid":52992,"service":"api-gateway"},"timestamp":"2025-08-12T10:28:03.749Z"}
{"level":"error","message":"Health check failed for service customer-services:","metadata":{"hostname":"E-Olawalee","pid":52992,"service":"api-gateway"},"timestamp":"2025-08-12T10:28:03.750Z"}
{"level":"error","message":"Health check failed for service admin-server:","metadata":{"hostname":"E-Olawalee","pid":52992,"service":"api-gateway"},"timestamp":"2025-08-12T10:28:33.752Z"}
{"level":"error","message":"Health check failed for service customer-services:","metadata":{"hostname":"E-Olawalee","pid":52992,"service":"api-gateway"},"timestamp":"2025-08-12T10:28:33.753Z"}
{"level":"error","message":"Health check failed for service admin-server:","metadata":{"hostname":"E-Olawalee","pid":52992,"service":"api-gateway"},"timestamp":"2025-08-12T10:29:03.753Z"}
{"level":"error","message":"Health check failed for service customer-services:","metadata":{"hostname":"E-Olawalee","pid":52992,"service":"api-gateway"},"timestamp":"2025-08-12T10:29:03.754Z"}
{"level":"error","message":"Health check failed for service admin-server:","metadata":{"hostname":"E-Olawalee","pid":52992,"service":"api-gateway"},"timestamp":"2025-08-12T10:29:33.759Z"}
{"level":"error","message":"Health check failed for service customer-services:","metadata":{"hostname":"E-Olawalee","pid":52992,"service":"api-gateway"},"timestamp":"2025-08-12T10:29:33.760Z"}
{"level":"error","message":"Health check failed for service admin-server:","metadata":{"hostname":"E-Olawalee","pid":52992,"service":"api-gateway"},"timestamp":"2025-08-12T10:30:03.765Z"}
{"level":"error","message":"Health check failed for service customer-services:","metadata":{"hostname":"E-Olawalee","pid":52992,"service":"api-gateway"},"timestamp":"2025-08-12T10:30:03.765Z"}
{"level":"error","message":"Health check failed for service admin-server:","metadata":{"hostname":"E-Olawalee","pid":52992,"service":"api-gateway"},"timestamp":"2025-08-12T10:30:33.770Z"}
{"level":"error","message":"Health check failed for service customer-services:","metadata":{"hostname":"E-Olawalee","pid":52992,"service":"api-gateway"},"timestamp":"2025-08-12T10:30:33.770Z"}
{"level":"error","message":"Health check failed for service admin-server:","metadata":{"hostname":"E-Olawalee","pid":52992,"service":"api-gateway"},"timestamp":"2025-08-12T10:31:03.776Z"}
{"level":"error","message":"Health check failed for service customer-services:","metadata":{"hostname":"E-Olawalee","pid":52992,"service":"api-gateway"},"timestamp":"2025-08-12T10:31:03.777Z"}
{"level":"error","message":"Health check failed for service admin-server:","metadata":{"hostname":"E-Olawalee","pid":52992,"service":"api-gateway"},"timestamp":"2025-08-12T10:31:33.778Z"}
{"level":"error","message":"Health check failed for service customer-services:","metadata":{"hostname":"E-Olawalee","pid":52992,"service":"api-gateway"},"timestamp":"2025-08-12T10:31:33.779Z"}
{"level":"error","message":"Health check failed for service admin-server:","metadata":{"hostname":"E-Olawalee","pid":52992,"service":"api-gateway"},"timestamp":"2025-08-12T10:32:03.783Z"}
{"level":"error","message":"Health check failed for service customer-services:","metadata":{"hostname":"E-Olawalee","pid":52992,"service":"api-gateway"},"timestamp":"2025-08-12T10:32:03.783Z"}
{"level":"error","message":"Health check failed for service admin-server:","metadata":{"hostname":"E-Olawalee","pid":52992,"service":"api-gateway"},"timestamp":"2025-08-12T10:32:33.792Z"}
{"level":"error","message":"Health check failed for service customer-services:","metadata":{"hostname":"E-Olawalee","pid":52992,"service":"api-gateway"},"timestamp":"2025-08-12T10:32:33.793Z"}
{"level":"error","message":"Health check failed for service admin-server:","metadata":{"hostname":"E-Olawalee","pid":52992,"service":"api-gateway"},"timestamp":"2025-08-12T10:33:03.805Z"}
{"level":"error","message":"Health check failed for service customer-services:","metadata":{"hostname":"E-Olawalee","pid":52992,"service":"api-gateway"},"timestamp":"2025-08-12T10:33:03.805Z"}
{"level":"error","message":"Health check failed for service admin-server:","metadata":{"hostname":"E-Olawalee","pid":52992,"service":"api-gateway"},"timestamp":"2025-08-12T10:33:33.817Z"}
{"level":"error","message":"Health check failed for service customer-services:","metadata":{"hostname":"E-Olawalee","pid":52992,"service":"api-gateway"},"timestamp":"2025-08-12T10:33:33.817Z"}
{"level":"error","message":"Health check failed for service admin-server:","metadata":{"hostname":"E-Olawalee","pid":52992,"service":"api-gateway"},"timestamp":"2025-08-12T10:34:03.821Z"}
{"level":"error","message":"Health check failed for service customer-services:","metadata":{"hostname":"E-Olawalee","pid":52992,"service":"api-gateway"},"timestamp":"2025-08-12T10:34:03.821Z"}
{"level":"error","message":"Health check failed for service admin-server:","metadata":{"hostname":"E-Olawalee","pid":52992,"service":"api-gateway"},"timestamp":"2025-08-12T10:34:33.830Z"}
{"level":"error","message":"Health check failed for service customer-services:","metadata":{"hostname":"E-Olawalee","pid":52992,"service":"api-gateway"},"timestamp":"2025-08-12T10:34:33.830Z"}
{"level":"error","message":"Health check failed for service admin-server:","metadata":{"hostname":"E-Olawalee","pid":52992,"service":"api-gateway"},"timestamp":"2025-08-12T10:35:03.840Z"}
{"level":"error","message":"Health check failed for service customer-services:","metadata":{"hostname":"E-Olawalee","pid":52992,"service":"api-gateway"},"timestamp":"2025-08-12T10:35:03.841Z"}
{"level":"error","message":"Health check failed for service admin-server:","metadata":{"hostname":"E-Olawalee","pid":52992,"service":"api-gateway"},"timestamp":"2025-08-12T10:35:33.846Z"}
{"level":"error","message":"Health check failed for service customer-services:","metadata":{"hostname":"E-Olawalee","pid":52992,"service":"api-gateway"},"timestamp":"2025-08-12T10:35:33.847Z"}
{"level":"error","message":"Health check failed for service admin-server:","metadata":{"hostname":"E-Olawalee","pid":52992,"service":"api-gateway"},"timestamp":"2025-08-12T10:36:03.852Z"}
{"level":"error","message":"Health check failed for service customer-services:","metadata":{"hostname":"E-Olawalee","pid":52992,"service":"api-gateway"},"timestamp":"2025-08-12T10:36:03.853Z"}
{"level":"error","message":"Health check failed for service admin-server:","metadata":{"hostname":"E-Olawalee","pid":52992,"service":"api-gateway"},"timestamp":"2025-08-12T10:36:33.864Z"}
{"level":"error","message":"Health check failed for service customer-services:","metadata":{"hostname":"E-Olawalee","pid":52992,"service":"api-gateway"},"timestamp":"2025-08-12T10:36:33.865Z"}
{"level":"error","message":"Health check failed for service admin-server:","metadata":{"hostname":"E-Olawalee","pid":52992,"service":"api-gateway"},"timestamp":"2025-08-12T10:37:03.875Z"}
{"level":"error","message":"Health check failed for service customer-services:","metadata":{"hostname":"E-Olawalee","pid":52992,"service":"api-gateway"},"timestamp":"2025-08-12T10:37:03.876Z"}
{"level":"error","message":"Health check failed for service admin-server:","metadata":{"hostname":"E-Olawalee","pid":52992,"service":"api-gateway"},"timestamp":"2025-08-12T10:37:33.880Z"}
{"level":"error","message":"Health check failed for service customer-services:","metadata":{"hostname":"E-Olawalee","pid":52992,"service":"api-gateway"},"timestamp":"2025-08-12T10:37:33.881Z"}
{"level":"error","message":"Health check failed for service admin-server:","metadata":{"hostname":"E-Olawalee","pid":52992,"service":"api-gateway"},"timestamp":"2025-08-12T10:38:03.892Z"}
{"level":"error","message":"Health check failed for service customer-services:","metadata":{"hostname":"E-Olawalee","pid":52992,"service":"api-gateway"},"timestamp":"2025-08-12T10:38:03.893Z"}
{"level":"error","message":"Health check failed for service admin-server:","metadata":{"hostname":"E-Olawalee","pid":52992,"service":"api-gateway"},"timestamp":"2025-08-12T10:38:33.896Z"}
{"level":"error","message":"Health check failed for service customer-services:","metadata":{"hostname":"E-Olawalee","pid":52992,"service":"api-gateway"},"timestamp":"2025-08-12T10:38:33.896Z"}
{"level":"error","message":"Health check failed for service admin-server:","metadata":{"hostname":"E-Olawalee","pid":52992,"service":"api-gateway"},"timestamp":"2025-08-12T10:39:03.898Z"}
{"level":"error","message":"Health check failed for service customer-services:","metadata":{"hostname":"E-Olawalee","pid":52992,"service":"api-gateway"},"timestamp":"2025-08-12T10:39:03.899Z"}
{"level":"error","message":"Health check failed for service admin-server:","metadata":{"hostname":"E-Olawalee","pid":52992,"service":"api-gateway"},"timestamp":"2025-08-12T10:39:33.903Z"}
{"level":"error","message":"Health check failed for service customer-services:","metadata":{"hostname":"E-Olawalee","pid":52992,"service":"api-gateway"},"timestamp":"2025-08-12T10:39:33.904Z"}
{"level":"error","message":"Health check failed for service admin-server:","metadata":{"hostname":"E-Olawalee","pid":52992,"service":"api-gateway"},"timestamp":"2025-08-12T10:40:03.906Z"}
{"level":"error","message":"Health check failed for service customer-services:","metadata":{"hostname":"E-Olawalee","pid":52992,"service":"api-gateway"},"timestamp":"2025-08-12T10:40:03.907Z"}
{"level":"error","message":"Health check failed for service admin-server:","metadata":{"hostname":"E-Olawalee","pid":52992,"service":"api-gateway"},"timestamp":"2025-08-12T10:40:33.911Z"}
{"level":"error","message":"Health check failed for service customer-services:","metadata":{"hostname":"E-Olawalee","pid":52992,"service":"api-gateway"},"timestamp":"2025-08-12T10:40:33.911Z"}
{"level":"error","message":"Health check failed for service admin-server:","metadata":{"hostname":"E-Olawalee","pid":52992,"service":"api-gateway"},"timestamp":"2025-08-12T10:41:03.920Z"}
{"level":"error","message":"Health check failed for service customer-services:","metadata":{"hostname":"E-Olawalee","pid":52992,"service":"api-gateway"},"timestamp":"2025-08-12T10:41:03.920Z"}
{"level":"error","message":"Health check failed for service admin-server:","metadata":{"hostname":"E-Olawalee","pid":52992,"service":"api-gateway"},"timestamp":"2025-08-12T10:41:33.930Z"}
{"level":"error","message":"Health check failed for service customer-services:","metadata":{"hostname":"E-Olawalee","pid":52992,"service":"api-gateway"},"timestamp":"2025-08-12T10:41:33.930Z"}
{"level":"error","message":"Health check failed for service admin-server:","metadata":{"hostname":"E-Olawalee","pid":52992,"service":"api-gateway"},"timestamp":"2025-08-12T10:42:03.938Z"}
{"level":"error","message":"Health check failed for service customer-services:","metadata":{"hostname":"E-Olawalee","pid":52992,"service":"api-gateway"},"timestamp":"2025-08-12T10:42:03.939Z"}
{"level":"error","message":"Health check failed for service admin-server:","metadata":{"hostname":"E-Olawalee","pid":52992,"service":"api-gateway"},"timestamp":"2025-08-12T10:42:33.941Z"}
{"level":"error","message":"Health check failed for service customer-services:","metadata":{"hostname":"E-Olawalee","pid":52992,"service":"api-gateway"},"timestamp":"2025-08-12T10:42:33.942Z"}
{"level":"error","message":"Health check failed for service admin-server:","metadata":{"hostname":"E-Olawalee","pid":52992,"service":"api-gateway"},"timestamp":"2025-08-12T10:43:03.956Z"}
{"level":"error","message":"Health check failed for service customer-services:","metadata":{"hostname":"E-Olawalee","pid":52992,"service":"api-gateway"},"timestamp":"2025-08-12T10:43:03.957Z"}
{"level":"error","message":"Health check failed for service admin-server:","metadata":{"hostname":"E-Olawalee","pid":52992,"service":"api-gateway"},"timestamp":"2025-08-12T10:43:33.958Z"}
{"level":"error","message":"Health check failed for service customer-services:","metadata":{"hostname":"E-Olawalee","pid":52992,"service":"api-gateway"},"timestamp":"2025-08-12T10:43:33.959Z"}
{"level":"error","message":"Health check failed for service admin-server:","metadata":{"hostname":"E-Olawalee","pid":52992,"service":"api-gateway"},"timestamp":"2025-08-12T10:44:03.959Z"}
{"level":"error","message":"Health check failed for service customer-services:","metadata":{"hostname":"E-Olawalee","pid":52992,"service":"api-gateway"},"timestamp":"2025-08-12T10:44:03.959Z"}
{"level":"error","message":"Health check failed for service admin-server:","metadata":{"hostname":"E-Olawalee","pid":52992,"service":"api-gateway"},"timestamp":"2025-08-12T10:44:33.972Z"}
{"level":"error","message":"Health check failed for service customer-services:","metadata":{"hostname":"E-Olawalee","pid":52992,"service":"api-gateway"},"timestamp":"2025-08-12T10:44:33.972Z"}
{"level":"error","message":"Health check failed for service admin-server:","metadata":{"hostname":"E-Olawalee","pid":52992,"service":"api-gateway"},"timestamp":"2025-08-12T10:45:03.974Z"}
{"level":"error","message":"Health check failed for service customer-services:","metadata":{"hostname":"E-Olawalee","pid":52992,"service":"api-gateway"},"timestamp":"2025-08-12T10:45:03.975Z"}
{"level":"error","message":"Health check failed for service admin-server:","metadata":{"hostname":"E-Olawalee","pid":52992,"service":"api-gateway"},"timestamp":"2025-08-12T10:45:33.986Z"}
{"level":"error","message":"Health check failed for service customer-services:","metadata":{"hostname":"E-Olawalee","pid":52992,"service":"api-gateway"},"timestamp":"2025-08-12T10:45:33.987Z"}
{"level":"error","message":"Health check failed for service admin-server:","metadata":{"hostname":"E-Olawalee","pid":52992,"service":"api-gateway"},"timestamp":"2025-08-12T10:46:03.996Z"}
{"level":"error","message":"Health check failed for service customer-services:","metadata":{"hostname":"E-Olawalee","pid":52992,"service":"api-gateway"},"timestamp":"2025-08-12T10:46:03.996Z"}
{"level":"error","message":"Health check failed for service admin-server:","metadata":{"hostname":"E-Olawalee","pid":52992,"service":"api-gateway"},"timestamp":"2025-08-12T10:46:34.008Z"}
{"level":"error","message":"Health check failed for service customer-services:","metadata":{"hostname":"E-Olawalee","pid":52992,"service":"api-gateway"},"timestamp":"2025-08-12T10:46:34.009Z"}
{"level":"error","message":"Health check failed for service admin-server:","metadata":{"hostname":"E-Olawalee","pid":52992,"service":"api-gateway"},"timestamp":"2025-08-12T10:47:04.012Z"}
{"level":"error","message":"Health check failed for service customer-services:","metadata":{"hostname":"E-Olawalee","pid":52992,"service":"api-gateway"},"timestamp":"2025-08-12T10:47:04.012Z"}
{"level":"error","message":"Health check failed for service admin-server:","metadata":{"hostname":"E-Olawalee","pid":52992,"service":"api-gateway"},"timestamp":"2025-08-12T10:47:34.017Z"}
{"level":"error","message":"Health check failed for service customer-services:","metadata":{"hostname":"E-Olawalee","pid":52992,"service":"api-gateway"},"timestamp":"2025-08-12T10:47:34.018Z"}
{"level":"error","message":"Health check failed for service admin-server:","metadata":{"hostname":"E-Olawalee","pid":52992,"service":"api-gateway"},"timestamp":"2025-08-12T10:48:04.020Z"}
{"level":"error","message":"Health check failed for service customer-services:","metadata":{"hostname":"E-Olawalee","pid":52992,"service":"api-gateway"},"timestamp":"2025-08-12T10:48:04.020Z"}
{"level":"error","message":"Health check failed for service admin-server:","metadata":{"hostname":"E-Olawalee","pid":52992,"service":"api-gateway"},"timestamp":"2025-08-12T10:48:34.025Z"}
{"level":"error","message":"Health check failed for service customer-services:","metadata":{"hostname":"E-Olawalee","pid":52992,"service":"api-gateway"},"timestamp":"2025-08-12T10:48:34.026Z"}
{"level":"error","message":"Health check failed for service admin-server:","metadata":{"hostname":"E-Olawalee","pid":52992,"service":"api-gateway"},"timestamp":"2025-08-12T10:49:04.029Z"}
{"level":"error","message":"Health check failed for service customer-services:","metadata":{"hostname":"E-Olawalee","pid":52992,"service":"api-gateway"},"timestamp":"2025-08-12T10:49:04.029Z"}
{"level":"error","message":"Health check failed for service admin-server:","metadata":{"hostname":"E-Olawalee","pid":52992,"service":"api-gateway"},"timestamp":"2025-08-12T10:49:34.037Z"}
{"level":"error","message":"Health check failed for service customer-services:","metadata":{"hostname":"E-Olawalee","pid":52992,"service":"api-gateway"},"timestamp":"2025-08-12T10:49:34.038Z"}
{"level":"error","message":"Health check failed for service admin-server:","metadata":{"hostname":"E-Olawalee","pid":52992,"service":"api-gateway"},"timestamp":"2025-08-12T10:50:04.047Z"}
{"level":"error","message":"Health check failed for service customer-services:","metadata":{"hostname":"E-Olawalee","pid":52992,"service":"api-gateway"},"timestamp":"2025-08-12T10:50:04.048Z"}
{"level":"error","message":"Health check failed for service admin-server:","metadata":{"hostname":"E-Olawalee","pid":52992,"service":"api-gateway"},"timestamp":"2025-08-12T10:50:34.059Z"}
{"level":"error","message":"Health check failed for service customer-services:","metadata":{"hostname":"E-Olawalee","pid":52992,"service":"api-gateway"},"timestamp":"2025-08-12T10:50:34.059Z"}
{"level":"error","message":"Health check failed for service admin-server:","metadata":{"hostname":"E-Olawalee","pid":52992,"service":"api-gateway"},"timestamp":"2025-08-12T15:39:33.255Z"}
{"level":"error","message":"Health check failed for service customer-services:","metadata":{"hostname":"E-Olawalee","pid":52992,"service":"api-gateway"},"timestamp":"2025-08-12T15:39:33.258Z"}
{"level":"error","message":"Health check failed for service admin-server:","metadata":{"hostname":"E-Olawalee","pid":52992,"service":"api-gateway"},"timestamp":"2025-08-12T15:40:03.260Z"}
{"level":"error","message":"Health check failed for service customer-services:","metadata":{"hostname":"E-Olawalee","pid":52992,"service":"api-gateway"},"timestamp":"2025-08-12T15:40:03.261Z"}
{"level":"error","message":"Health check failed for service admin-server:","metadata":{"hostname":"E-Olawalee","pid":52992,"service":"api-gateway"},"timestamp":"2025-08-12T15:40:33.264Z"}
{"level":"error","message":"Health check failed for service customer-services:","metadata":{"hostname":"E-Olawalee","pid":52992,"service":"api-gateway"},"timestamp":"2025-08-12T15:40:33.264Z"}
{"level":"error","message":"Health check failed for service admin-server:","metadata":{"hostname":"E-Olawalee","pid":52992,"service":"api-gateway"},"timestamp":"2025-08-12T15:41:03.265Z"}
{"level":"error","message":"Health check failed for service customer-services:","metadata":{"hostname":"E-Olawalee","pid":52992,"service":"api-gateway"},"timestamp":"2025-08-12T15:41:03.266Z"}
{"level":"error","message":"Health check failed for service admin-server:","metadata":{"hostname":"E-Olawalee","pid":52992,"service":"api-gateway"},"timestamp":"2025-08-12T15:41:33.288Z"}
{"level":"error","message":"Health check failed for service customer-services:","metadata":{"hostname":"E-Olawalee","pid":52992,"service":"api-gateway"},"timestamp":"2025-08-12T15:41:33.289Z"}
{"level":"error","message":"Health check failed for service admin-server:","metadata":{"hostname":"E-Olawalee","pid":52992,"service":"api-gateway"},"timestamp":"2025-08-12T15:42:03.289Z"}
{"level":"error","message":"Health check failed for service customer-services:","metadata":{"hostname":"E-Olawalee","pid":52992,"service":"api-gateway"},"timestamp":"2025-08-12T15:42:03.291Z"}
{"level":"error","message":"Health check failed for service admin-server:","metadata":{"hostname":"E-Olawalee","pid":52992,"service":"api-gateway"},"timestamp":"2025-08-12T15:42:33.294Z"}
{"level":"error","message":"Health check failed for service customer-services:","metadata":{"hostname":"E-Olawalee","pid":52992,"service":"api-gateway"},"timestamp":"2025-08-12T15:42:33.295Z"}
{"level":"error","message":"Health check failed for service admin-server:","metadata":{"hostname":"E-Olawalee","pid":13328,"service":"api-gateway"},"timestamp":"2025-08-12T15:44:38.954Z"}
{"level":"error","message":"Health check failed for service customer-services:","metadata":{"hostname":"E-Olawalee","pid":13328,"service":"api-gateway"},"timestamp":"2025-08-12T15:44:38.955Z"}
{"level":"error","message":"Health check failed for service admin-server:","metadata":{"hostname":"E-Olawalee","pid":13328,"service":"api-gateway"},"timestamp":"2025-08-12T15:45:08.954Z"}
{"level":"error","message":"Health check failed for service customer-services:","metadata":{"hostname":"E-Olawalee","pid":13328,"service":"api-gateway"},"timestamp":"2025-08-12T15:45:08.955Z"}
{"level":"error","message":"Health check failed for service admin-server:","metadata":{"hostname":"E-Olawalee","pid":13328,"service":"api-gateway"},"timestamp":"2025-08-12T15:45:38.968Z"}
{"level":"error","message":"Health check failed for service customer-services:","metadata":{"hostname":"E-Olawalee","pid":13328,"service":"api-gateway"},"timestamp":"2025-08-12T15:45:38.969Z"}
{"level":"error","message":"Health check failed for service admin-server:","metadata":{"hostname":"E-Olawalee","pid":13328,"service":"api-gateway"},"timestamp":"2025-08-12T15:46:08.973Z"}
{"level":"error","message":"Health check failed for service customer-services:","metadata":{"hostname":"E-Olawalee","pid":13328,"service":"api-gateway"},"timestamp":"2025-08-12T15:46:08.974Z"}
{"level":"error","message":"Health check failed for service admin-server:","metadata":{"hostname":"E-Olawalee","pid":13328,"service":"api-gateway"},"timestamp":"2025-08-12T15:46:38.977Z"}
{"level":"error","message":"Health check failed for service customer-services:","metadata":{"hostname":"E-Olawalee","pid":13328,"service":"api-gateway"},"timestamp":"2025-08-12T15:46:38.978Z"}
{"level":"error","message":"unhandledRejection: Reached the max retries per request limit (which is 3). Refer to \"maxRetriesPerRequest\" option for details.\nMaxRetriesPerRequestError: Reached the max retries per request limit (which is 3). Refer to \"maxRetriesPerRequest\" option for details.\n    at Socket.<anonymous> (D:\\insightserenity-platform\\node_modules\\ioredis\\built\\redis\\event_handler.js:182:37)\n    at Object.onceWrapper (node:events:633:26)\n    at Socket.emit (node:events:518:28)\n    at TCP.<anonymous> (node:net:351:12)","metadata":{"date":"Tue Aug 12 2025 10:47:34 GMT-0500 (Central Daylight Time)","error":{},"os":{"loadavg":[0,0,0],"uptime":1712927.765},"process":{"argv":["C:\\Program Files\\nodejs\\node.exe","D:\\insightserenity-platform\\servers\\gateway\\server.js"],"cwd":"D:\\insightserenity-platform\\servers\\gateway","execPath":"C:\\Program Files\\nodejs\\node.exe","gid":null,"memoryUsage":{"arrayBuffers":112106,"external":3736342,"heapTotal":100507648,"heapUsed":54912400,"rss":141451264},"pid":54936,"uid":null,"version":"v22.16.0"},"rejection":true,"stack":"MaxRetriesPerRequestError: Reached the max retries per request limit (which is 3). Refer to \"maxRetriesPerRequest\" option for details.\n    at Socket.<anonymous> (D:\\insightserenity-platform\\node_modules\\ioredis\\built\\redis\\event_handler.js:182:37)\n    at Object.onceWrapper (node:events:633:26)\n    at Socket.emit (node:events:518:28)\n    at TCP.<anonymous> (node:net:351:12)","trace":[{"column":37,"file":"D:\\insightserenity-platform\\node_modules\\ioredis\\built\\redis\\event_handler.js","function":null,"line":182,"method":null,"native":false},{"column":26,"file":"node:events","function":"Object.onceWrapper","line":633,"method":"onceWrapper","native":false},{"column":28,"file":"node:events","function":"Socket.emit","line":518,"method":"emit","native":false},{"column":12,"file":"node:net","function":null,"line":351,"method":null,"native":false}]},"timestamp":"2025-08-12 10:47:34.257"}
{"level":"error","message":"unhandledRejection: Reached the max retries per request limit (which is 3). Refer to \"maxRetriesPerRequest\" option for details.\nMaxRetriesPerRequestError: Reached the max retries per request limit (which is 3). Refer to \"maxRetriesPerRequest\" option for details.\n    at Socket.<anonymous> (D:\\insightserenity-platform\\node_modules\\ioredis\\built\\redis\\event_handler.js:182:37)\n    at Object.onceWrapper (node:events:633:26)\n    at Socket.emit (node:events:518:28)\n    at TCP.<anonymous> (node:net:351:12)","metadata":{"date":"Tue Aug 12 2025 10:47:34 GMT-0500 (Central Daylight Time)","error":{},"os":{"loadavg":[0,0,0],"uptime":1712927.781},"process":{"argv":["C:\\Program Files\\nodejs\\node.exe","D:\\insightserenity-platform\\servers\\gateway\\server.js"],"cwd":"D:\\insightserenity-platform\\servers\\gateway","execPath":"C:\\Program Files\\nodejs\\node.exe","gid":null,"memoryUsage":{"arrayBuffers":120298,"external":3744534,"heapTotal":100769792,"heapUsed":55195144,"rss":141606912},"pid":54936,"uid":null,"version":"v22.16.0"},"rejection":true,"stack":"MaxRetriesPerRequestError: Reached the max retries per request limit (which is 3). Refer to \"maxRetriesPerRequest\" option for details.\n    at Socket.<anonymous> (D:\\insightserenity-platform\\node_modules\\ioredis\\built\\redis\\event_handler.js:182:37)\n    at Object.onceWrapper (node:events:633:26)\n    at Socket.emit (node:events:518:28)\n    at TCP.<anonymous> (node:net:351:12)","trace":[{"column":37,"file":"D:\\insightserenity-platform\\node_modules\\ioredis\\built\\redis\\event_handler.js","function":null,"line":182,"method":null,"native":false},{"column":26,"file":"node:events","function":"Object.onceWrapper","line":633,"method":"onceWrapper","native":false},{"column":28,"file":"node:events","function":"Socket.emit","line":518,"method":"emit","native":false},{"column":12,"file":"node:net","function":null,"line":351,"method":null,"native":false}]},"timestamp":"2025-08-12T15:47:34.269Z"}
{"level":"critical","message":"Unhandled rejection","metadata":{"hostname":"E-Olawalee","metadata":{"promise":"[object Promise]","reason":{}},"pid":54936,"service":"api-gateway"},"timestamp":"2025-08-12 10:47:34.266"}
{"level":"critical","message":"Unhandled rejection","metadata":{"hostname":"E-Olawalee","metadata":{"promise":"[object Promise]","reason":{}},"pid":54936,"service":"api-gateway"},"timestamp":"2025-08-12T15:47:34.270Z"}
{"level":"error","message":"Error during graceful shutdown","metadata":{"hostname":"E-Olawalee","pid":54936,"service":"api-gateway"},"timestamp":"2025-08-12T15:47:35.017Z"}
{"level":"error","message":"unhandledRejection: Reached the max retries per request limit (which is 3). Refer to \"maxRetriesPerRequest\" option for details.\nMaxRetriesPerRequestError: Reached the max retries per request limit (which is 3). Refer to \"maxRetriesPerRequest\" option for details.\n    at Socket.<anonymous> (D:\\insightserenity-platform\\node_modules\\ioredis\\built\\redis\\event_handler.js:182:37)\n    at Object.onceWrapper (node:events:633:26)\n    at Socket.emit (node:events:518:28)\n    at TCP.<anonymous> (node:net:351:12)","metadata":{"date":"Tue Aug 12 2025 10:48:05 GMT-0500 (Central Daylight Time)","error":{},"os":{"loadavg":[0,0,0],"uptime":1712959.156},"process":{"argv":["C:\\Program Files\\nodejs\\node.exe","D:\\insightserenity-platform\\servers\\gateway\\server.js"],"cwd":"D:\\insightserenity-platform\\servers\\gateway","execPath":"C:\\Program Files\\nodejs\\node.exe","gid":null,"memoryUsage":{"arrayBuffers":112106,"external":3736342,"heapTotal":101818368,"heapUsed":53973160,"rss":142069760},"pid":22304,"uid":null,"version":"v22.16.0"},"rejection":true,"stack":"MaxRetriesPerRequestError: Reached the max retries per request limit (which is 3). Refer to \"maxRetriesPerRequest\" option for details.\n    at Socket.<anonymous> (D:\\insightserenity-platform\\node_modules\\ioredis\\built\\redis\\event_handler.js:182:37)\n    at Object.onceWrapper (node:events:633:26)\n    at Socket.emit (node:events:518:28)\n    at TCP.<anonymous> (node:net:351:12)","trace":[{"column":37,"file":"D:\\insightserenity-platform\\node_modules\\ioredis\\built\\redis\\event_handler.js","function":null,"line":182,"method":null,"native":false},{"column":26,"file":"node:events","function":"Object.onceWrapper","line":633,"method":"onceWrapper","native":false},{"column":28,"file":"node:events","function":"Socket.emit","line":518,"method":"emit","native":false},{"column":12,"file":"node:net","function":null,"line":351,"method":null,"native":false}]},"timestamp":"2025-08-12 10:48:05.635"}
{"level":"error","message":"unhandledRejection: Reached the max retries per request limit (which is 3). Refer to \"maxRetriesPerRequest\" option for details.\nMaxRetriesPerRequestError: Reached the max retries per request limit (which is 3). Refer to \"maxRetriesPerRequest\" option for details.\n    at Socket.<anonymous> (D:\\insightserenity-platform\\node_modules\\ioredis\\built\\redis\\event_handler.js:182:37)\n    at Object.onceWrapper (node:events:633:26)\n    at Socket.emit (node:events:518:28)\n    at TCP.<anonymous> (node:net:351:12)","metadata":{"date":"Tue Aug 12 2025 10:48:05 GMT-0500 (Central Daylight Time)","error":{},"os":{"loadavg":[0,0,0],"uptime":1712959.156},"process":{"argv":["C:\\Program Files\\nodejs\\node.exe","D:\\insightserenity-platform\\servers\\gateway\\server.js"],"cwd":"D:\\insightserenity-platform\\servers\\gateway","execPath":"C:\\Program Files\\nodejs\\node.exe","gid":null,"memoryUsage":{"arrayBuffers":120298,"external":3744534,"heapTotal":102080512,"heapUsed":54255736,"rss":142217216},"pid":22304,"uid":null,"version":"v22.16.0"},"rejection":true,"stack":"MaxRetriesPerRequestError: Reached the max retries per request limit (which is 3). Refer to \"maxRetriesPerRequest\" option for details.\n    at Socket.<anonymous> (D:\\insightserenity-platform\\node_modules\\ioredis\\built\\redis\\event_handler.js:182:37)\n    at Object.onceWrapper (node:events:633:26)\n    at Socket.emit (node:events:518:28)\n    at TCP.<anonymous> (node:net:351:12)","trace":[{"column":37,"file":"D:\\insightserenity-platform\\node_modules\\ioredis\\built\\redis\\event_handler.js","function":null,"line":182,"method":null,"native":false},{"column":26,"file":"node:events","function":"Object.onceWrapper","line":633,"method":"onceWrapper","native":false},{"column":28,"file":"node:events","function":"Socket.emit","line":518,"method":"emit","native":false},{"column":12,"file":"node:net","function":null,"line":351,"method":null,"native":false}]},"timestamp":"2025-08-12T15:48:05.645Z"}
{"level":"critical","message":"Unhandled rejection","metadata":{"hostname":"E-Olawalee","metadata":{"promise":"[object Promise]","reason":{}},"pid":22304,"service":"api-gateway"},"timestamp":"2025-08-12 10:48:05.643"}
{"level":"critical","message":"Unhandled rejection","metadata":{"hostname":"E-Olawalee","metadata":{"promise":"[object Promise]","reason":{}},"pid":22304,"service":"api-gateway"},"timestamp":"2025-08-12T15:48:05.645Z"}
{"level":"error","message":"Error during graceful shutdown","metadata":{"hostname":"E-Olawalee","pid":22304,"service":"api-gateway"},"timestamp":"2025-08-12T15:48:06.420Z"}
