2025-09-18 02:36:57.029 [gateway-server] info: Gateway Server Started
{
  "service": "gateway-server",
  "environment": "development",
  "version": "1.0.0",
  "pid": 716,
  "protocol": "http",
  "host": "0.0.0.0",
  "port": 3002,
  "services": {
    "admin": "http://localhost:3000",
    "customer": "http://localhost:3001"
  }
}
2025-09-18 02:37:01.848 [gateway-server] info: Received SIGTERM, starting graceful shutdown...
{
  "service": "gateway-server",
  "environment": "development",
  "version": "1.0.0"
}
2025-09-18 02:38:38.656 [gateway-server] info: Gateway Server Started
{
  "service": "gateway-server",
  "environment": "development",
  "version": "1.0.0",
  "pid": 795,
  "protocol": "http",
  "host": "0.0.0.0",
  "port": 3002,
  "services": {
    "admin": "http://localhost:3000",
    "customer": "http://localhost:3001"
  }
}
2025-09-18 02:39:04.192 [gateway-server] info: Received SIGTERM, starting graceful shutdown...
{
  "service": "gateway-server",
  "environment": "development",
  "version": "1.0.0"
}
