2025-10-02 00:33:20.876 [app] info: Session cleanup scheduler started
{
  "service": "app",
  "environment": "development",
  "version": "1.0.0",
  "interval": 3600000
}
2025-10-02 00:33:20.879 [app] info: MFA cleanup scheduler started
{
  "service": "app",
  "environment": "development",
  "version": "1.0.0"
}
2025-10-02 00:33:20.882 [app] info: Blacklist cleanup scheduler started
{
  "service": "app",
  "environment": "development",
  "version": "1.0.0",
  "interval": 3600000
}
2025-10-02 00:33:21.288 [app] info: Session cleanup scheduler started
{
  "service": "app",
  "environment": "development",
  "version": "1.0.0",
  "interval": 3600000
}
2025-10-02 00:33:21.291 [app] info: MFA cleanup scheduler started
{
  "service": "app",
  "environment": "development",
  "version": "1.0.0"
}
2025-10-02 00:33:21.294 [app] info: Blacklist cleanup scheduler started
{
  "service": "app",
  "environment": "development",
  "version": "1.0.0",
  "interval": 3600000
}
2025-10-02 00:33:21.698 [app] info: Session cleanup scheduler started
{
  "service": "app",
  "environment": "development",
  "version": "1.0.0",
  "interval": 3600000
}
2025-10-02 00:33:21.701 [app] info: MFA cleanup scheduler started
{
  "service": "app",
  "environment": "development",
  "version": "1.0.0"
}
2025-10-02 00:33:21.703 [app] info: Blacklist cleanup scheduler started
{
  "service": "app",
  "environment": "development",
  "version": "1.0.0",
  "interval": 3600000
}
2025-10-02 00:33:25.541 [app] info: BlacklistService: Database initialized successfully
{
  "service": "app",
  "environment": "development",
  "version": "1.0.0"
}
2025-10-02 00:33:25.543 [app] info: SessionService: Database initialized successfully
{
  "service": "app",
  "environment": "development",
  "version": "1.0.0"
}
2025-10-02 00:33:25.545 [app] info: PasswordService: Database initialized successfully
{
  "service": "app",
  "environment": "development",
  "version": "1.0.0"
}
2025-10-02 00:33:26.310 [app] info: TokenService: Database initialized successfully
{
  "service": "app",
  "environment": "development",
  "version": "1.0.0"
}
2025-10-02 00:33:26.400 [app] info: TwoFactorService: Database initialized successfully
{
  "service": "app",
  "environment": "development",
  "version": "1.0.0"
}
2025-10-02 00:33:26.935 [app] info: AuthService: Database initialized
{
  "service": "app",
  "environment": "development",
  "version": "1.0.0",
  "context": "default"
}
2025-10-02 00:34:47.473 [app] info: Session cleanup scheduler started
{
  "service": "app",
  "environment": "development",
  "version": "1.0.0",
  "interval": 3600000
}
2025-10-02 00:34:47.475 [app] info: MFA cleanup scheduler started
{
  "service": "app",
  "environment": "development",
  "version": "1.0.0"
}
2025-10-02 00:34:47.479 [app] info: Blacklist cleanup scheduler started
{
  "service": "app",
  "environment": "development",
  "version": "1.0.0",
  "interval": 3600000
}
2025-10-02 00:34:51.582 [app] info: PasswordService: Database initialized successfully
{
  "service": "app",
  "environment": "development",
  "version": "1.0.0"
}
2025-10-02 00:34:52.110 [app] info: BlacklistService: Database initialized successfully
{
  "service": "app",
  "environment": "development",
  "version": "1.0.0"
}
2025-10-02 00:34:52.142 [app] info: TwoFactorService: Database initialized successfully
{
  "service": "app",
  "environment": "development",
  "version": "1.0.0"
}
2025-10-02 00:34:52.143 [app] info: TokenService: Database initialized successfully
{
  "service": "app",
  "environment": "development",
  "version": "1.0.0"
}
2025-10-02 00:34:52.549 [app] info: AuthService: Database initialized
{
  "service": "app",
  "environment": "development",
  "version": "1.0.0",
  "context": "default"
}
2025-10-02 00:34:52.611 [app] info: SessionService: Database initialized successfully
{
  "service": "app",
  "environment": "development",
  "version": "1.0.0"
}
2025-10-02 00:34:53.958 [app] info: Session cleanup scheduler started
{
  "service": "app",
  "environment": "development",
  "version": "1.0.0",
  "interval": 3600000
}
2025-10-02 00:34:53.961 [app] info: MFA cleanup scheduler started
{
  "service": "app",
  "environment": "development",
  "version": "1.0.0"
}
2025-10-02 00:34:53.963 [app] info: Blacklist cleanup scheduler started
{
  "service": "app",
  "environment": "development",
  "version": "1.0.0",
  "interval": 3600000
}
2025-10-02 00:34:56.249 [app] info: SessionService: Database initialized successfully
{
  "service": "app",
  "environment": "development",
  "version": "1.0.0"
}
2025-10-02 00:34:56.749 [app] info: TokenService: Database initialized successfully
{
  "service": "app",
  "environment": "development",
  "version": "1.0.0"
}
2025-10-02 00:35:01.992 [app] info: Session cleanup scheduler started
{
  "service": "app",
  "environment": "development",
  "version": "1.0.0",
  "interval": 3600000
}
2025-10-02 00:35:01.995 [app] info: MFA cleanup scheduler started
{
  "service": "app",
  "environment": "development",
  "version": "1.0.0"
}
2025-10-02 00:35:01.997 [app] info: Blacklist cleanup scheduler started
{
  "service": "app",
  "environment": "development",
  "version": "1.0.0",
  "interval": 3600000
}
2025-10-02 00:35:06.305 [app] info: TwoFactorService: Database initialized successfully
{
  "service": "app",
  "environment": "development",
  "version": "1.0.0"
}
2025-10-02 00:35:06.575 [app] info: TokenService: Database initialized successfully
{
  "service": "app",
  "environment": "development",
  "version": "1.0.0"
}
2025-10-02 00:35:06.710 [app] info: BlacklistService: Database initialized successfully
{
  "service": "app",
  "environment": "development",
  "version": "1.0.0"
}
2025-10-02 00:35:06.826 [app] info: PasswordService: Database initialized successfully
{
  "service": "app",
  "environment": "development",
  "version": "1.0.0"
}
2025-10-02 00:35:07.299 [app] info: SessionService: Database initialized successfully
{
  "service": "app",
  "environment": "development",
  "version": "1.0.0"
}
2025-10-02 00:35:07.325 [app] info: AuthService: Database initialized
{
  "service": "app",
  "environment": "development",
  "version": "1.0.0",
  "context": "default"
}
2025-10-02 00:43:03.860 [app] info: Session cleanup scheduler started
{
  "service": "app",
  "environment": "development",
  "version": "1.0.0",
  "interval": 3600000
}
2025-10-02 00:43:03.864 [app] info: MFA cleanup scheduler started
{
  "service": "app",
  "environment": "development",
  "version": "1.0.0"
}
2025-10-02 00:43:03.867 [app] info: Blacklist cleanup scheduler started
{
  "service": "app",
  "environment": "development",
  "version": "1.0.0",
  "interval": 3600000
}
2025-10-02 00:43:08.539 [app] info: TokenService: Database initialized successfully
{
  "service": "app",
  "environment": "development",
  "version": "1.0.0"
}
2025-10-02 00:43:08.762 [app] info: TwoFactorService: Database initialized successfully
{
  "service": "app",
  "environment": "development",
  "version": "1.0.0"
}
2025-10-02 00:43:08.768 [app] info: BlacklistService: Database initialized successfully
{
  "service": "app",
  "environment": "development",
  "version": "1.0.0"
}
2025-10-02 00:43:08.844 [app] info: SessionService: Database initialized successfully
{
  "service": "app",
  "environment": "development",
  "version": "1.0.0"
}
2025-10-02 00:43:08.954 [app] info: AuthService: Database initialized
{
  "service": "app",
  "environment": "development",
  "version": "1.0.0",
  "context": "default"
}
2025-10-02 00:43:09.379 [app] info: PasswordService: Database initialized successfully
{
  "service": "app",
  "environment": "development",
  "version": "1.0.0"
}
2025-10-02 00:43:23.038 [app] info: Session cleanup scheduler started
{
  "service": "app",
  "environment": "development",
  "version": "1.0.0",
  "interval": 3600000
}
2025-10-02 00:43:23.041 [app] info: MFA cleanup scheduler started
{
  "service": "app",
  "environment": "development",
  "version": "1.0.0"
}
2025-10-02 00:43:23.044 [app] info: Blacklist cleanup scheduler started
{
  "service": "app",
  "environment": "development",
  "version": "1.0.0",
  "interval": 3600000
}
2025-10-02 00:43:28.685 [app] info: TokenService: Database initialized successfully
{
  "service": "app",
  "environment": "development",
  "version": "1.0.0"
}
2025-10-02 00:43:29.158 [app] info: SessionService: Database initialized successfully
{
  "service": "app",
  "environment": "development",
  "version": "1.0.0"
}
2025-10-02 00:43:29.354 [app] info: PasswordService: Database initialized successfully
{
  "service": "app",
  "environment": "development",
  "version": "1.0.0"
}
2025-10-02 00:43:29.358 [app] info: BlacklistService: Database initialized successfully
{
  "service": "app",
  "environment": "development",
  "version": "1.0.0"
}
2025-10-02 00:43:29.432 [app] info: AuthService: Database initialized
{
  "service": "app",
  "environment": "development",
  "version": "1.0.0",
  "context": "default"
}
2025-10-02 00:43:29.505 [app] info: TwoFactorService: Database initialized successfully
{
  "service": "app",
  "environment": "development",
  "version": "1.0.0"
}
2025-10-02 00:50:49.259 [app] info: Session cleanup scheduler started
{
  "service": "app",
  "environment": "development",
  "version": "1.0.0",
  "interval": 3600000
}
2025-10-02 00:50:49.263 [app] info: MFA cleanup scheduler started
{
  "service": "app",
  "environment": "development",
  "version": "1.0.0"
}
2025-10-02 00:50:49.266 [app] info: Blacklist cleanup scheduler started
{
  "service": "app",
  "environment": "development",
  "version": "1.0.0",
  "interval": 3600000
}
2025-10-02 00:50:54.333 [app] info: SessionService: Database initialized successfully
{
  "service": "app",
  "environment": "development",
  "version": "1.0.0"
}
2025-10-02 00:50:54.742 [app] info: TokenService: Database initialized successfully
{
  "service": "app",
  "environment": "development",
  "version": "1.0.0"
}
2025-10-02 00:50:54.850 [app] info: BlacklistService: Database initialized successfully
{
  "service": "app",
  "environment": "development",
  "version": "1.0.0"
}
2025-10-02 00:50:54.870 [app] info: AuthService: Database initialized
{
  "service": "app",
  "environment": "development",
  "version": "1.0.0",
  "context": "default"
}
2025-10-02 00:50:54.930 [app] info: PasswordService: Database initialized successfully
{
  "service": "app",
  "environment": "development",
  "version": "1.0.0"
}
2025-10-02 00:50:56.478 [app] info: TwoFactorService: Database initialized successfully
{
  "service": "app",
  "environment": "development",
  "version": "1.0.0"
}
2025-10-02 00:57:57.809 [app] info: Session cleanup scheduler started
{
  "service": "app",
  "environment": "development",
  "version": "1.0.0",
  "interval": 3600000
}
2025-10-02 00:57:57.813 [app] info: MFA cleanup scheduler started
{
  "service": "app",
  "environment": "development",
  "version": "1.0.0"
}
2025-10-02 00:57:57.816 [app] info: Blacklist cleanup scheduler started
{
  "service": "app",
  "environment": "development",
  "version": "1.0.0",
  "interval": 3600000
}
2025-10-02 00:58:02.419 [app] info: TokenService: Database initialized successfully
{
  "service": "app",
  "environment": "development",
  "version": "1.0.0"
}
2025-10-02 00:58:02.531 [app] info: BlacklistService: Database initialized successfully
{
  "service": "app",
  "environment": "development",
  "version": "1.0.0"
}
2025-10-02 00:58:02.958 [app] info: AuthService: Database initialized
{
  "service": "app",
  "environment": "development",
  "version": "1.0.0",
  "context": "default"
}
2025-10-02 00:58:03.563 [app] info: TwoFactorService: Database initialized successfully
{
  "service": "app",
  "environment": "development",
  "version": "1.0.0"
}
2025-10-02 00:58:03.687 [app] info: PasswordService: Database initialized successfully
{
  "service": "app",
  "environment": "development",
  "version": "1.0.0"
}
2025-10-02 00:58:03.800 [app] info: SessionService: Database initialized successfully
{
  "service": "app",
  "environment": "development",
  "version": "1.0.0"
}
2025-10-02 00:59:30.002 [app] info: Session cleanup scheduler started
{
  "service": "app",
  "environment": "development",
  "version": "1.0.0",
  "interval": 3600000
}
2025-10-02 00:59:30.005 [app] info: MFA cleanup scheduler started
{
  "service": "app",
  "environment": "development",
  "version": "1.0.0"
}
2025-10-02 00:59:30.008 [app] info: Blacklist cleanup scheduler started
{
  "service": "app",
  "environment": "development",
  "version": "1.0.0",
  "interval": 3600000
}
2025-10-02 00:59:35.039 [app] info: TokenService: Database initialized successfully
{
  "service": "app",
  "environment": "development",
  "version": "1.0.0"
}
2025-10-02 00:59:35.080 [app] info: SessionService: Database initialized successfully
{
  "service": "app",
  "environment": "development",
  "version": "1.0.0"
}
2025-10-02 00:59:35.143 [app] info: TwoFactorService: Database initialized successfully
{
  "service": "app",
  "environment": "development",
  "version": "1.0.0"
}
2025-10-02 00:59:35.196 [app] info: PasswordService: Database initialized successfully
{
  "service": "app",
  "environment": "development",
  "version": "1.0.0"
}
2025-10-02 00:59:35.323 [app] info: BlacklistService: Database initialized successfully
{
  "service": "app",
  "environment": "development",
  "version": "1.0.0"
}
2025-10-02 00:59:36.084 [app] info: AuthService: Database initialized
{
  "service": "app",
  "environment": "development",
  "version": "1.0.0",
  "context": "default"
}
2025-10-02 01:00:33.492 [app] info: Session cleanup scheduler started
{
  "service": "app",
  "environment": "development",
  "version": "1.0.0",
  "interval": 3600000
}
2025-10-02 01:00:33.496 [app] info: MFA cleanup scheduler started
{
  "service": "app",
  "environment": "development",
  "version": "1.0.0"
}
2025-10-02 01:00:33.499 [app] info: Blacklist cleanup scheduler started
{
  "service": "app",
  "environment": "development",
  "version": "1.0.0",
  "interval": 3600000
}
2025-10-02 01:00:38.319 [app] info: TokenService: Database initialized successfully
{
  "service": "app",
  "environment": "development",
  "version": "1.0.0"
}
2025-10-02 01:00:38.403 [app] info: SessionService: Database initialized successfully
{
  "service": "app",
  "environment": "development",
  "version": "1.0.0"
}
2025-10-02 01:00:38.995 [app] info: TwoFactorService: Database initialized successfully
{
  "service": "app",
  "environment": "development",
  "version": "1.0.0"
}
2025-10-02 01:00:39.098 [app] info: BlacklistService: Database initialized successfully
{
  "service": "app",
  "environment": "development",
  "version": "1.0.0"
}
2025-10-02 01:00:39.270 [app] info: PasswordService: Database initialized successfully
{
  "service": "app",
  "environment": "development",
  "version": "1.0.0"
}
2025-10-02 01:00:39.281 [app] info: AuthService: Database initialized
{
  "service": "app",
  "environment": "development",
  "version": "1.0.0",
  "context": "default"
}
2025-10-02 01:16:14.668 [app] info: Session cleanup scheduler started
{
  "service": "app",
  "environment": "development",
  "version": "1.0.0",
  "interval": 3600000
}
2025-10-02 01:16:14.671 [app] info: MFA cleanup scheduler started
{
  "service": "app",
  "environment": "development",
  "version": "1.0.0"
}
2025-10-02 01:16:14.674 [app] info: Blacklist cleanup scheduler started
{
  "service": "app",
  "environment": "development",
  "version": "1.0.0",
  "interval": 3600000
}
2025-10-02 01:16:20.622 [app] info: TokenService: Database initialized successfully
{
  "service": "app",
  "environment": "development",
  "version": "1.0.0"
}
2025-10-02 01:16:20.927 [app] info: BlacklistService: Database initialized successfully
{
  "service": "app",
  "environment": "development",
  "version": "1.0.0"
}
2025-10-02 01:16:20.961 [app] info: PasswordService: Database initialized successfully
{
  "service": "app",
  "environment": "development",
  "version": "1.0.0"
}
2025-10-02 01:16:20.985 [app] info: TwoFactorService: Database initialized successfully
{
  "service": "app",
  "environment": "development",
  "version": "1.0.0"
}
2025-10-02 01:16:21.029 [app] info: AuthService: Database initialized
{
  "service": "app",
  "environment": "development",
  "version": "1.0.0",
  "context": "default"
}
2025-10-02 01:16:21.353 [app] info: SessionService: Database initialized successfully
{
  "service": "app",
  "environment": "development",
  "version": "1.0.0"
}
2025-10-02 01:40:52.925 [app] info: Session cleanup scheduler started
{
  "service": "app",
  "environment": "development",
  "version": "1.0.0",
  "interval": 3600000
}
2025-10-02 01:40:52.929 [app] info: MFA cleanup scheduler started
{
  "service": "app",
  "environment": "development",
  "version": "1.0.0"
}
2025-10-02 01:40:52.933 [app] info: Blacklist cleanup scheduler started
{
  "service": "app",
  "environment": "development",
  "version": "1.0.0",
  "interval": 3600000
}
2025-10-02 01:40:57.113 [app] info: TokenService: Database initialized successfully
{
  "service": "app",
  "environment": "development",
  "version": "1.0.0"
}
2025-10-02 01:40:59.746 [app] info: TwoFactorService: Database initialized successfully
{
  "service": "app",
  "environment": "development",
  "version": "1.0.0"
}
2025-10-02 01:40:59.748 [app] info: AuthService: Database initialized
{
  "service": "app",
  "environment": "development",
  "version": "1.0.0",
  "context": "default"
}
2025-10-02 01:40:59.750 [app] info: SessionService: Database initialized successfully
{
  "service": "app",
  "environment": "development",
  "version": "1.0.0"
}
2025-10-02 01:40:59.757 [app] info: PasswordService: Database initialized successfully
{
  "service": "app",
  "environment": "development",
  "version": "1.0.0"
}
2025-10-02 01:40:59.873 [app] info: BlacklistService: Database initialized successfully
{
  "service": "app",
  "environment": "development",
  "version": "1.0.0"
}
2025-10-02 01:41:22.439 [app] info: Session cleanup scheduler started
{
  "service": "app",
  "environment": "development",
  "version": "1.0.0",
  "interval": 3600000
}
2025-10-02 01:41:22.443 [app] info: MFA cleanup scheduler started
{
  "service": "app",
  "environment": "development",
  "version": "1.0.0"
}
2025-10-02 01:41:22.446 [app] info: Blacklist cleanup scheduler started
{
  "service": "app",
  "environment": "development",
  "version": "1.0.0",
  "interval": 3600000
}
2025-10-02 01:41:27.585 [app] info: SessionService: Database initialized successfully
{
  "service": "app",
  "environment": "development",
  "version": "1.0.0"
}
2025-10-02 01:41:27.663 [app] info: TwoFactorService: Database initialized successfully
{
  "service": "app",
  "environment": "development",
  "version": "1.0.0"
}
2025-10-02 01:41:27.758 [app] info: AuthService: Database initialized
{
  "service": "app",
  "environment": "development",
  "version": "1.0.0",
  "context": "default"
}
2025-10-02 01:41:28.249 [app] info: TokenService: Database initialized successfully
{
  "service": "app",
  "environment": "development",
  "version": "1.0.0"
}
2025-10-02 01:41:29.481 [app] info: BlacklistService: Database initialized successfully
{
  "service": "app",
  "environment": "development",
  "version": "1.0.0"
}
2025-10-02 01:41:31.360 [app] info: PasswordService: Database initialized successfully
{
  "service": "app",
  "environment": "development",
  "version": "1.0.0"
}
2025-10-02 01:43:06.445 [app] info: Session cleanup scheduler started
{
  "service": "app",
  "environment": "development",
  "version": "1.0.0",
  "interval": 3600000
}
2025-10-02 01:43:06.448 [app] info: MFA cleanup scheduler started
{
  "service": "app",
  "environment": "development",
  "version": "1.0.0"
}
2025-10-02 01:43:06.451 [app] info: Blacklist cleanup scheduler started
{
  "service": "app",
  "environment": "development",
  "version": "1.0.0",
  "interval": 3600000
}
2025-10-02 01:43:11.150 [app] info: TokenService: Database initialized successfully
{
  "service": "app",
  "environment": "development",
  "version": "1.0.0"
}
2025-10-02 01:43:11.318 [app] info: SessionService: Database initialized successfully
{
  "service": "app",
  "environment": "development",
  "version": "1.0.0"
}
2025-10-02 01:43:11.461 [app] info: BlacklistService: Database initialized successfully
{
  "service": "app",
  "environment": "development",
  "version": "1.0.0"
}
2025-10-02 01:43:11.476 [app] info: TwoFactorService: Database initialized successfully
{
  "service": "app",
  "environment": "development",
  "version": "1.0.0"
}
2025-10-02 01:43:11.677 [app] info: PasswordService: Database initialized successfully
{
  "service": "app",
  "environment": "development",
  "version": "1.0.0"
}
2025-10-02 01:43:12.087 [app] info: AuthService: Database initialized
{
  "service": "app",
  "environment": "development",
  "version": "1.0.0",
  "context": "default"
}
2025-10-02 02:16:27.741 [app] info: Session cleanup scheduler started
{
  "service": "app",
  "environment": "development",
  "version": "1.0.0",
  "interval": 3600000
}
2025-10-02 02:16:27.745 [app] info: MFA cleanup scheduler started
{
  "service": "app",
  "environment": "development",
  "version": "1.0.0"
}
2025-10-02 02:16:27.747 [app] info: Blacklist cleanup scheduler started
{
  "service": "app",
  "environment": "development",
  "version": "1.0.0",
  "interval": 3600000
}
2025-10-02 02:16:31.559 [app] info: TwoFactorService: Database initialized successfully
{
  "service": "app",
  "environment": "development",
  "version": "1.0.0"
}
2025-10-02 02:16:31.718 [app] info: PasswordService: Database initialized successfully
{
  "service": "app",
  "environment": "development",
  "version": "1.0.0"
}
2025-10-02 02:16:32.171 [app] info: TokenService: Database initialized successfully
{
  "service": "app",
  "environment": "development",
  "version": "1.0.0"
}
2025-10-02 02:16:32.173 [app] info: SessionService: Database initialized successfully
{
  "service": "app",
  "environment": "development",
  "version": "1.0.0"
}
2025-10-02 02:16:32.319 [app] info: AuthService: Database initialized
{
  "service": "app",
  "environment": "development",
  "version": "1.0.0",
  "context": "default"
}
2025-10-02 02:16:33.087 [app] info: BlacklistService: Database initialized successfully
{
  "service": "app",
  "environment": "development",
  "version": "1.0.0"
}
2025-10-02 02:19:56.983 [app] info: Session cleanup scheduler started
{
  "service": "app",
  "environment": "development",
  "version": "1.0.0",
  "interval": 3600000
}
2025-10-02 02:19:56.987 [app] info: MFA cleanup scheduler started
{
  "service": "app",
  "environment": "development",
  "version": "1.0.0"
}
2025-10-02 02:19:56.990 [app] info: Blacklist cleanup scheduler started
{
  "service": "app",
  "environment": "development",
  "version": "1.0.0",
  "interval": 3600000
}
2025-10-02 02:20:02.939 [app] info: TokenService: Database initialized successfully
{
  "service": "app",
  "environment": "development",
  "version": "1.0.0"
}
2025-10-02 02:20:03.100 [app] info: SessionService: Database initialized successfully
{
  "service": "app",
  "environment": "development",
  "version": "1.0.0"
}
2025-10-02 02:20:03.193 [app] info: TwoFactorService: Database initialized successfully
{
  "service": "app",
  "environment": "development",
  "version": "1.0.0"
}
2025-10-02 02:20:03.340 [app] info: BlacklistService: Database initialized successfully
{
  "service": "app",
  "environment": "development",
  "version": "1.0.0"
}
2025-10-02 02:20:03.492 [app] info: PasswordService: Database initialized successfully
{
  "service": "app",
  "environment": "development",
  "version": "1.0.0"
}
2025-10-02 02:20:04.503 [app] info: AuthService: Database initialized
{
  "service": "app",
  "environment": "development",
  "version": "1.0.0",
  "context": "default"
}
2025-10-02 02:28:27.662 [app] info: Session cleanup scheduler started
{
  "service": "app",
  "environment": "development",
  "version": "1.0.0",
  "interval": 3600000
}
2025-10-02 02:28:27.665 [app] info: MFA cleanup scheduler started
{
  "service": "app",
  "environment": "development",
  "version": "1.0.0"
}
2025-10-02 02:28:27.668 [app] info: Blacklist cleanup scheduler started
{
  "service": "app",
  "environment": "development",
  "version": "1.0.0",
  "interval": 3600000
}
2025-10-02 02:28:32.726 [app] info: TokenService: Database initialized successfully
{
  "service": "app",
  "environment": "development",
  "version": "1.0.0"
}
2025-10-02 02:28:33.019 [app] info: PasswordService: Database initialized successfully
{
  "service": "app",
  "environment": "development",
  "version": "1.0.0"
}
2025-10-02 02:28:33.021 [app] info: AuthService: Database initialized
{
  "service": "app",
  "environment": "development",
  "version": "1.0.0",
  "context": "default"
}
2025-10-02 02:28:33.063 [app] info: SessionService: Database initialized successfully
{
  "service": "app",
  "environment": "development",
  "version": "1.0.0"
}
2025-10-02 02:28:33.255 [app] info: TwoFactorService: Database initialized successfully
{
  "service": "app",
  "environment": "development",
  "version": "1.0.0"
}
2025-10-02 02:28:33.924 [app] info: BlacklistService: Database initialized successfully
{
  "service": "app",
  "environment": "development",
  "version": "1.0.0"
}
2025-10-02 03:01:08.936 [app] info: Session cleanup scheduler started
{
  "service": "app",
  "environment": "development",
  "version": "1.0.0",
  "interval": 3600000
}
2025-10-02 03:01:08.940 [app] info: MFA cleanup scheduler started
{
  "service": "app",
  "environment": "development",
  "version": "1.0.0"
}
2025-10-02 03:01:08.943 [app] info: Blacklist cleanup scheduler started
{
  "service": "app",
  "environment": "development",
  "version": "1.0.0",
  "interval": 3600000
}
2025-10-02 03:01:14.904 [app] info: SessionService: Database initialized successfully
{
  "service": "app",
  "environment": "development",
  "version": "1.0.0"
}
2025-10-02 03:01:15.040 [app] info: TokenService: Database initialized successfully
{
  "service": "app",
  "environment": "development",
  "version": "1.0.0"
}
2025-10-02 03:01:15.053 [app] info: AuthService: Database initialized
{
  "service": "app",
  "environment": "development",
  "version": "1.0.0",
  "context": "default"
}
2025-10-02 03:01:15.088 [app] info: TwoFactorService: Database initialized successfully
{
  "service": "app",
  "environment": "development",
  "version": "1.0.0"
}
2025-10-02 03:01:15.129 [app] info: BlacklistService: Database initialized successfully
{
  "service": "app",
  "environment": "development",
  "version": "1.0.0"
}
2025-10-02 03:01:15.372 [app] info: PasswordService: Database initialized successfully
{
  "service": "app",
  "environment": "development",
  "version": "1.0.0"
}
2025-10-02 03:04:00.105 [app] info: Session cleanup scheduler started
{
  "service": "app",
  "environment": "development",
  "version": "1.0.0",
  "interval": 3600000
}
2025-10-02 03:04:00.109 [app] info: MFA cleanup scheduler started
{
  "service": "app",
  "environment": "development",
  "version": "1.0.0"
}
2025-10-02 03:04:00.112 [app] info: Blacklist cleanup scheduler started
{
  "service": "app",
  "environment": "development",
  "version": "1.0.0",
  "interval": 3600000
}
2025-10-02 03:04:00.541 [app] info: Session cleanup scheduler started
{
  "service": "app",
  "environment": "development",
  "version": "1.0.0",
  "interval": 3600000
}
2025-10-02 03:04:00.544 [app] info: MFA cleanup scheduler started
{
  "service": "app",
  "environment": "development",
  "version": "1.0.0"
}
2025-10-02 03:04:00.547 [app] info: Blacklist cleanup scheduler started
{
  "service": "app",
  "environment": "development",
  "version": "1.0.0",
  "interval": 3600000
}
2025-10-02 03:04:00.958 [app] info: Session cleanup scheduler started
{
  "service": "app",
  "environment": "development",
  "version": "1.0.0",
  "interval": 3600000
}
2025-10-02 03:04:00.961 [app] info: MFA cleanup scheduler started
{
  "service": "app",
  "environment": "development",
  "version": "1.0.0"
}
2025-10-02 03:04:00.963 [app] info: Blacklist cleanup scheduler started
{
  "service": "app",
  "environment": "development",
  "version": "1.0.0",
  "interval": 3600000
}
2025-10-02 03:04:22.989 [app] info: Session cleanup scheduler started
{
  "service": "app",
  "environment": "development",
  "version": "1.0.0",
  "interval": 3600000
}
2025-10-02 03:04:22.993 [app] info: MFA cleanup scheduler started
{
  "service": "app",
  "environment": "development",
  "version": "1.0.0"
}
2025-10-02 03:04:22.997 [app] info: Blacklist cleanup scheduler started
{
  "service": "app",
  "environment": "development",
  "version": "1.0.0",
  "interval": 3600000
}
2025-10-02 03:04:28.081 [app] info: TwoFactorService: Database initialized successfully
{
  "service": "app",
  "environment": "development",
  "version": "1.0.0"
}
2025-10-02 03:04:28.486 [app] info: PasswordService: Database initialized successfully
{
  "service": "app",
  "environment": "development",
  "version": "1.0.0"
}
2025-10-02 03:04:28.508 [app] info: AuthService: Database initialized
{
  "service": "app",
  "environment": "development",
  "version": "1.0.0",
  "context": "default"
}
2025-10-02 03:04:28.770 [app] info: BlacklistService: Database initialized successfully
{
  "service": "app",
  "environment": "development",
  "version": "1.0.0"
}
2025-10-02 03:04:29.484 [app] info: TokenService: Database initialized successfully
{
  "service": "app",
  "environment": "development",
  "version": "1.0.0"
}
2025-10-02 03:04:29.603 [app] info: SessionService: Database initialized successfully
{
  "service": "app",
  "environment": "development",
  "version": "1.0.0"
}
